<?xml version="1.0" encoding="UTF-8"?>
<!-- Generated by org.testng.reporters.JUnitReportReporter -->
<testsuite hostname="DESKTOP-ALVIBGB" failures="0" tests="8" name="tests.SignUpTest" time="100.107" errors="0" timestamp="2021-09-11T17:00:30 EET" skipped="0">
  <testcase classname="tests.SignUpTest" name="signUpSuccessfully" time="12.532"/>
  <system-out/>
  <testcase classname="tests.SignUpTest" name="signUpSuccessfully" time="23.201"/>
  <system-out/>
  <testcase classname="tests.SignUpTest" name="signUpSuccessfully" time="13.022"/>
  <system-out/>
  <testcase classname="tests.SignUpTest" name="signUpSuccessfully" time="12.906"/>
  <system-out/>
  <testcase classname="tests.SignUpTest" name="signUpFailled" time="12.746"/>
  <system-out/>
  <testcase classname="tests.SignUpTest" name="signUpFailled" time="10.191"/>
  <system-out/>
  <testcase classname="tests.SignUpTest" name="signUpFailled" time="8.536"/>
  <system-out/>
  <testcase classname="tests.SignUpTest" name="signUpFailled" time="6.973"/>
  <system-out/>
</testsuite> <!-- tests.SignUpTest -->
